0 info it worked if it ends with ok
1 verbose cli [ '/usr/bin/nodejs', '/usr/bin/npm', 'i', 'mustache.js@2.2.1' ]
2 info using npm@3.5.2
3 info using node@v4.2.6
4 silly loadCurrentTree Starting
5 silly install loadCurrentTree
6 silly install readLocalPackageData
7 silly fetchPackageMetaData mustache.js@2.2.1
8 silly fetchNamedPackageData mustache.js
9 silly mapToRegistry name mustache.js
10 silly mapToRegistry using default registry
11 silly mapToRegistry registry https://registry.npmjs.org/
12 silly mapToRegistry uri https://registry.npmjs.org/mustache.js
13 verbose request uri https://registry.npmjs.org/mustache.js
14 verbose request no auth needed
15 info attempt registry request try #1 at 1:27:25 PM
16 verbose request id aedb5079678ec269
17 http request GET https://registry.npmjs.org/mustache.js
18 http 200 https://registry.npmjs.org/mustache.js
19 verbose headers { date: 'Mon, 04 Feb 2019 07:57:26 GMT',
19 verbose headers   'content-type': 'application/json; charset=UTF-8',
19 verbose headers   'transfer-encoding': 'chunked',
19 verbose headers   connection: 'keep-alive',
19 verbose headers   'set-cookie': [ '__cfduid=da875d6b9e8c7497bd83209f1f91d68241549267045; expires=Tue, 04-Feb-20 07:57:25 GMT; path=/; domain=.registry.npmjs.org; HttpOnly' ],
19 verbose headers   'cf-cache-status': 'MISS',
19 verbose headers   'cache-control': 'max-age=300',
19 verbose headers   'cf-ray': '4a3b96193bc488a2-BOM',
19 verbose headers   etag: 'W/"a4b58fb3acf61708dd447883244eb906"',
19 verbose headers   'expect-ct': 'max-age=604800, report-uri="https://report-uri.cloudflare.com/cdn-cgi/beacon/expect-ct"',
19 verbose headers   'last-modified': 'Sun, 27 May 2018 08:49:23 GMT',
19 verbose headers   vary: 'accept-encoding, accept',
19 verbose headers   server: 'cloudflare',
19 verbose headers   'content-encoding': 'gzip' }
20 silly get cb [ 200,
20 silly get   { date: 'Mon, 04 Feb 2019 07:57:26 GMT',
20 silly get     'content-type': 'application/json; charset=UTF-8',
20 silly get     'transfer-encoding': 'chunked',
20 silly get     connection: 'keep-alive',
20 silly get     'set-cookie': [ '__cfduid=da875d6b9e8c7497bd83209f1f91d68241549267045; expires=Tue, 04-Feb-20 07:57:25 GMT; path=/; domain=.registry.npmjs.org; HttpOnly' ],
20 silly get     'cf-cache-status': 'MISS',
20 silly get     'cache-control': 'max-age=300',
20 silly get     'cf-ray': '4a3b96193bc488a2-BOM',
20 silly get     etag: 'W/"a4b58fb3acf61708dd447883244eb906"',
20 silly get     'expect-ct': 'max-age=604800, report-uri="https://report-uri.cloudflare.com/cdn-cgi/beacon/expect-ct"',
20 silly get     'last-modified': 'Sun, 27 May 2018 08:49:23 GMT',
20 silly get     vary: 'accept-encoding, accept',
20 silly get     server: 'cloudflare',
20 silly get     'content-encoding': 'gzip' } ]
21 verbose get saving mustache.js to /home/groot/.npm/registry.npmjs.org/mustache.js/.cache.json
22 silly fetchPackageMetaData Error: No compatible version found: mustache.js@2.2.1
22 silly fetchPackageMetaData Valid install targets:
22 silly fetchPackageMetaData 1.0.0
22 silly fetchPackageMetaData
22 silly fetchPackageMetaData     at pickVersionFromRegistryDocument (/usr/share/npm/lib/fetch-package-metadata.js:156:16)
22 silly fetchPackageMetaData     at /usr/share/npm/node_modules/iferr/index.js:13:50
22 silly fetchPackageMetaData     at /usr/share/npm/lib/utils/pulse-till-done.js:19:8
22 silly fetchPackageMetaData     at saved (/usr/share/npm/lib/cache/caching-client.js:168:7)
22 silly fetchPackageMetaData     at /usr/share/npm/node_modules/graceful-fs/polyfills.js:210:7
22 silly fetchPackageMetaData     at FSReqWrap.oncomplete (fs.js:82:15)
22 silly fetchPackageMetaData  error for mustache.js@2.2.1 [Error: No compatible version found: mustache.js@2.2.1
22 silly fetchPackageMetaData Valid install targets:
22 silly fetchPackageMetaData 1.0.0
22 silly fetchPackageMetaData ]
23 silly rollbackFailedOptional Starting
24 silly rollbackFailedOptional Finishing
25 silly runTopLevelLifecycles Starting
26 silly runTopLevelLifecycles Finishing
27 silly install printInstalled
28 verbose stack Error: No compatible version found: mustache.js@2.2.1
28 verbose stack Valid install targets:
28 verbose stack 1.0.0
28 verbose stack
28 verbose stack     at pickVersionFromRegistryDocument (/usr/share/npm/lib/fetch-package-metadata.js:156:16)
28 verbose stack     at /usr/share/npm/node_modules/iferr/index.js:13:50
28 verbose stack     at /usr/share/npm/lib/utils/pulse-till-done.js:19:8
28 verbose stack     at saved (/usr/share/npm/lib/cache/caching-client.js:168:7)
28 verbose stack     at /usr/share/npm/node_modules/graceful-fs/polyfills.js:210:7
28 verbose stack     at FSReqWrap.oncomplete (fs.js:82:15)
29 verbose cwd /home/groot/Desktop/socket-app
30 error Linux 4.15.0-43-generic
31 error argv "/usr/bin/nodejs" "/usr/bin/npm" "i" "mustache.js@2.2.1"
32 error node v4.2.6
33 error npm  v3.5.2
34 error No compatible version found: mustache.js@2.2.1
34 error Valid install targets:
34 error 1.0.0
35 error If you need help, you may report this error at:
35 error     <https://github.com/npm/npm/issues>
36 verbose exit [ 1, true ]
